[debug] [2025-09-06T00:55:57.895Z] ----------------------------------------------------------------------
[debug] [2025-09-06T00:55:57.898Z] Command:       C:\nvm4w\nodejs\node.exe C:\nvm4w\nodejs\node_modules\firebase-tools\lib\bin\firebase.js deploy --only functions --non-interactive
[debug] [2025-09-06T00:55:57.898Z] CLI Version:   14.9.0
[debug] [2025-09-06T00:55:57.898Z] Platform:      win32
[debug] [2025-09-06T00:55:57.898Z] Node Version:  v20.19.2
[debug] [2025-09-06T00:55:57.899Z] Time:          Fri Sep 05 2025 20:55:57 GMT-0400 (Eastern Daylight Time)
[debug] [2025-09-06T00:55:57.899Z] ----------------------------------------------------------------------
[debug] 
[debug] [2025-09-06T00:55:58.130Z] > command requires scopes: ["email","openid","https://www.googleapis.com/auth/cloudplatformprojects.readonly","https://www.googleapis.com/auth/firebase","https://www.googleapis.com/auth/cloud-platform"]
[debug] [2025-09-06T00:55:58.130Z] > authorizing via signed-in user (tucker.apply@gmail.com)
[debug] [2025-09-06T00:55:58.130Z] [iam] checking project my-rhyme-app for permissions ["cloudfunctions.functions.create","cloudfunctions.functions.delete","cloudfunctions.functions.get","cloudfunctions.functions.list","cloudfunctions.functions.update","cloudfunctions.operations.get","firebase.projects.get"]
[debug] [2025-09-06T00:55:58.131Z] Checked if tokens are valid: true, expires at: 1757123137247
[debug] [2025-09-06T00:55:58.132Z] Checked if tokens are valid: true, expires at: 1757123137247
[debug] [2025-09-06T00:55:58.133Z] >>> [apiv2][query] POST https://cloudresourcemanager.googleapis.com/v1/projects/my-rhyme-app:testIamPermissions [none]
[debug] [2025-09-06T00:55:58.133Z] >>> [apiv2][(partial)header] POST https://cloudresourcemanager.googleapis.com/v1/projects/my-rhyme-app:testIamPermissions x-goog-quota-user=projects/my-rhyme-app
[debug] [2025-09-06T00:55:58.133Z] >>> [apiv2][body] POST https://cloudresourcemanager.googleapis.com/v1/projects/my-rhyme-app:testIamPermissions {"permissions":["cloudfunctions.functions.create","cloudfunctions.functions.delete","cloudfunctions.functions.get","cloudfunctions.functions.list","cloudfunctions.functions.update","cloudfunctions.operations.get","firebase.projects.get"]}
[debug] [2025-09-06T00:55:58.452Z] <<< [apiv2][status] POST https://cloudresourcemanager.googleapis.com/v1/projects/my-rhyme-app:testIamPermissions 200
[debug] [2025-09-06T00:55:58.452Z] <<< [apiv2][body] POST https://cloudresourcemanager.googleapis.com/v1/projects/my-rhyme-app:testIamPermissions {"permissions":["cloudfunctions.functions.create","cloudfunctions.functions.delete","cloudfunctions.functions.get","cloudfunctions.functions.list","cloudfunctions.functions.update","cloudfunctions.operations.get","firebase.projects.get"]}
[debug] [2025-09-06T00:55:58.453Z] Checked if tokens are valid: true, expires at: 1757123137247
[debug] [2025-09-06T00:55:58.453Z] Checked if tokens are valid: true, expires at: 1757123137247
[debug] [2025-09-06T00:55:58.453Z] >>> [apiv2][query] POST https://iam.googleapis.com/v1/projects/my-rhyme-app/serviceAccounts/my-rhyme-app@appspot.gserviceaccount.com:testIamPermissions [none]
[debug] [2025-09-06T00:55:58.453Z] >>> [apiv2][body] POST https://iam.googleapis.com/v1/projects/my-rhyme-app/serviceAccounts/my-rhyme-app@appspot.gserviceaccount.com:testIamPermissions {"permissions":["iam.serviceAccounts.actAs"]}
[debug] [2025-09-06T00:55:58.759Z] <<< [apiv2][status] POST https://iam.googleapis.com/v1/projects/my-rhyme-app/serviceAccounts/my-rhyme-app@appspot.gserviceaccount.com:testIamPermissions 200
[debug] [2025-09-06T00:55:58.759Z] <<< [apiv2][body] POST https://iam.googleapis.com/v1/projects/my-rhyme-app/serviceAccounts/my-rhyme-app@appspot.gserviceaccount.com:testIamPermissions {"permissions":["iam.serviceAccounts.actAs"]}
[info] 
[info] === Deploying to 'my-rhyme-app'...
[info] 
[info] i  deploying functions 
[debug] [2025-09-06T00:55:58.766Z] Checked if tokens are valid: true, expires at: 1757123137247
[debug] [2025-09-06T00:55:58.766Z] Checked if tokens are valid: true, expires at: 1757123137247
[debug] [2025-09-06T00:55:58.766Z] >>> [apiv2][query] GET https://cloudresourcemanager.googleapis.com/v1/projects/my-rhyme-app [none]
[debug] [2025-09-06T00:55:58.893Z] <<< [apiv2][status] GET https://cloudresourcemanager.googleapis.com/v1/projects/my-rhyme-app 200
[debug] [2025-09-06T00:55:58.893Z] <<< [apiv2][body] GET https://cloudresourcemanager.googleapis.com/v1/projects/my-rhyme-app {"projectNumber":"487322724536","projectId":"my-rhyme-app","lifecycleState":"ACTIVE","name":"noctua-forest","labels":{"firebase":"enabled","firebase-core":"disabled"},"createTime":"2025-06-03T18:14:58.488879Z"}
[info] i  functions: preparing codebase default for deployment 
[info] i  functions: ensuring required API cloudfunctions.googleapis.com is enabled... 
[info] i  functions: ensuring required API cloudbuild.googleapis.com is enabled... 
[info] i  artifactregistry: ensuring required API artifactregistry.googleapis.com is enabled... 
[debug] [2025-09-06T00:55:59.000Z] Checked if tokens are valid: true, expires at: 1757123137247
[debug] [2025-09-06T00:55:59.000Z] Checked if tokens are valid: true, expires at: 1757123137247
[debug] [2025-09-06T00:55:59.001Z] >>> [apiv2][query] GET https://firebase.googleapis.com/v1beta1/projects/my-rhyme-app/adminSdkConfig [none]
[debug] [2025-09-06T00:55:59.417Z] <<< [apiv2][status] GET https://firebase.googleapis.com/v1beta1/projects/my-rhyme-app/adminSdkConfig 200
[debug] [2025-09-06T00:55:59.417Z] <<< [apiv2][body] GET https://firebase.googleapis.com/v1beta1/projects/my-rhyme-app/adminSdkConfig {"projectId":"my-rhyme-app","storageBucket":"my-rhyme-app.firebasestorage.app"}
[debug] [2025-09-06T00:55:59.417Z] Checked if tokens are valid: true, expires at: 1757123137247
[debug] [2025-09-06T00:55:59.417Z] Checked if tokens are valid: true, expires at: 1757123137247
[debug] [2025-09-06T00:55:59.417Z] >>> [apiv2][query] GET https://runtimeconfig.googleapis.com/v1beta1/projects/my-rhyme-app/configs [none]
[debug] [2025-09-06T00:55:59.696Z] <<< [apiv2][status] GET https://runtimeconfig.googleapis.com/v1beta1/projects/my-rhyme-app/configs 200
[debug] [2025-09-06T00:55:59.697Z] <<< [apiv2][body] GET https://runtimeconfig.googleapis.com/v1beta1/projects/my-rhyme-app/configs {}
[debug] [2025-09-06T00:55:59.700Z] Validating nodejs source
[warn] !  functions: Runtime Node.js 18 was deprecated on 2025-04-30 and will be decommissioned on 2025-10-30, after which you will not be able to deploy without upgrading. Consider upgrading now to avoid disruption. See https://cloud.google.com/functions/docs/runtime-support for full details on the lifecycle policy 
[warn] !  functions: package.json indicates an outdated version of firebase-functions. Please upgrade using npm install --save firebase-functions@latest in your functions directory. 
[warn] !  functions: Please note that there will be breaking changes when you upgrade. 
[debug] [2025-09-06T00:56:00.839Z] > [functions] package.json contents: {
  "name": "noctua-forest-functions",
  "private": true,
  "engines": {
    "node": "18"
  },
  "type": "module",
  "scripts": {
    "build": "echo 'ESM functions, no build step'",
    "deploy": "firebase deploy --only functions"
  },
  "dependencies": {
    "firebase-admin": "^12.5.0",
    "firebase-functions": "^5.1.0"
  }
}
[debug] [2025-09-06T00:56:00.839Z] Building nodejs source
[info] i  functions: Loading and analyzing source code for codebase default to determine what to deploy 
[debug] [2025-09-06T00:56:00.841Z] Could not find functions.yaml. Must use http discovery
[debug] [2025-09-06T00:56:00.850Z] Found firebase-functions binary at 'C:\Users\User\vibe-coding\in-progress\noctua-forest\functions\node_modules\.bin\firebase-functions'
[info] Serving at port 8885

[debug] [2025-09-06T00:56:01.900Z] Got response from /__/functions.yaml {"endpoints":{"onReviewWrite":{"availableMemoryMb":null,"timeoutSeconds":null,"minInstances":null,"maxInstances":null,"ingressSettings":null,"concurrency":10,"serviceAccountEmail":null,"vpc":null,"platform":"gcfv2","region":["us-central1"],"labels":{},"eventTrigger":{"eventType":"google.cloud.firestore.document.v1.written","eventFilters":{"database":"(default)","namespace":"(default)"},"eventFilterPathPatterns":{"document":"reviews/{reviewId}"},"retry":false},"entryPoint":"onReviewWrite"}},"specVersion":"v1alpha1","requiredAPIs":[],"extensions":{}}
[info] i  extensions: ensuring required API firebaseextensions.googleapis.com is enabled... 
[debug] [2025-09-06T00:56:05.941Z] > command requires scopes: ["email","openid","https://www.googleapis.com/auth/cloudplatformprojects.readonly","https://www.googleapis.com/auth/firebase","https://www.googleapis.com/auth/cloud-platform"]
[debug] [2025-09-06T00:56:05.941Z] > authorizing via signed-in user (tucker.apply@gmail.com)
[debug] [2025-09-06T00:56:05.941Z] [iam] checking project my-rhyme-app for permissions ["firebase.projects.get","firebaseextensions.instances.list"]
[debug] [2025-09-06T00:56:05.942Z] Checked if tokens are valid: true, expires at: 1757123137247
[debug] [2025-09-06T00:56:05.942Z] Checked if tokens are valid: true, expires at: 1757123137247
[debug] [2025-09-06T00:56:05.942Z] >>> [apiv2][query] POST https://cloudresourcemanager.googleapis.com/v1/projects/my-rhyme-app:testIamPermissions [none]
[debug] [2025-09-06T00:56:05.942Z] >>> [apiv2][(partial)header] POST https://cloudresourcemanager.googleapis.com/v1/projects/my-rhyme-app:testIamPermissions x-goog-quota-user=projects/my-rhyme-app
[debug] [2025-09-06T00:56:05.942Z] >>> [apiv2][body] POST https://cloudresourcemanager.googleapis.com/v1/projects/my-rhyme-app:testIamPermissions {"permissions":["firebase.projects.get","firebaseextensions.instances.list"]}
[debug] [2025-09-06T00:56:06.203Z] <<< [apiv2][status] POST https://cloudresourcemanager.googleapis.com/v1/projects/my-rhyme-app:testIamPermissions 200
[debug] [2025-09-06T00:56:06.203Z] <<< [apiv2][body] POST https://cloudresourcemanager.googleapis.com/v1/projects/my-rhyme-app:testIamPermissions {"permissions":["firebase.projects.get","firebaseextensions.instances.list"]}
[debug] [2025-09-06T00:56:06.204Z] Checked if tokens are valid: true, expires at: 1757123137247
[debug] [2025-09-06T00:56:06.204Z] Checked if tokens are valid: true, expires at: 1757123137247
[debug] [2025-09-06T00:56:06.205Z] >>> [apiv2][query] GET https://firebaseextensions.googleapis.com/v1beta/projects/my-rhyme-app/instances pageSize=100&pageToken=
[debug] [2025-09-06T00:56:06.604Z] <<< [apiv2][status] GET https://firebaseextensions.googleapis.com/v1beta/projects/my-rhyme-app/instances 200
[debug] [2025-09-06T00:56:06.604Z] <<< [apiv2][body] GET https://firebaseextensions.googleapis.com/v1beta/projects/my-rhyme-app/instances {}
[info] i  functions: preparing functions directory for uploading... 
[info] i  functions: packaged C:\Users\User\vibe-coding\in-progress\noctua-forest\functions (30.3 KB) for uploading 
[debug] [2025-09-06T00:56:06.635Z] Checked if tokens are valid: true, expires at: 1757123137247
[debug] [2025-09-06T00:56:06.636Z] Checked if tokens are valid: true, expires at: 1757123137247
[debug] [2025-09-06T00:56:06.636Z] >>> [apiv2][query] GET https://cloudfunctions.googleapis.com/v1/projects/my-rhyme-app/locations/-/functions [none]
[debug] [2025-09-06T00:56:07.267Z] <<< [apiv2][status] GET https://cloudfunctions.googleapis.com/v1/projects/my-rhyme-app/locations/-/functions 200
[debug] [2025-09-06T00:56:07.268Z] <<< [apiv2][body] GET https://cloudfunctions.googleapis.com/v1/projects/my-rhyme-app/locations/-/functions {}
[debug] [2025-09-06T00:56:07.268Z] Checked if tokens are valid: true, expires at: 1757123137247
[debug] [2025-09-06T00:56:07.268Z] Checked if tokens are valid: true, expires at: 1757123137247
[debug] [2025-09-06T00:56:07.268Z] >>> [apiv2][query] GET https://cloudfunctions.googleapis.com/v2/projects/my-rhyme-app/locations/-/functions filter=environment%3D%22GEN_2%22
[debug] [2025-09-06T00:56:07.826Z] <<< [apiv2][status] GET https://cloudfunctions.googleapis.com/v2/projects/my-rhyme-app/locations/-/functions 200
[debug] [2025-09-06T00:56:07.826Z] <<< [apiv2][body] GET https://cloudfunctions.googleapis.com/v2/projects/my-rhyme-app/locations/-/functions {}
[debug] [2025-09-06T00:56:07.827Z] Checked if tokens are valid: true, expires at: 1757123137247
[debug] [2025-09-06T00:56:07.827Z] Checked if tokens are valid: true, expires at: 1757123137247
[debug] [2025-09-06T00:56:07.827Z] >>> [apiv2][query] GET https://firestore.googleapis.com/v1/projects/my-rhyme-app/databases/(default) [none]
[debug] [2025-09-06T00:56:08.191Z] <<< [apiv2][status] GET https://firestore.googleapis.com/v1/projects/my-rhyme-app/databases/(default) 200
[debug] [2025-09-06T00:56:08.191Z] <<< [apiv2][body] GET https://firestore.googleapis.com/v1/projects/my-rhyme-app/databases/(default) {"name":"projects/my-rhyme-app/databases/(default)","uid":"11617ca3-1d67-4470-97a6-d022a1a3dcce","createTime":"2025-06-03T18:29:51.126104Z","updateTime":"2025-06-03T18:29:51.126104Z","locationId":"nam5","type":"FIRESTORE_NATIVE","concurrencyMode":"PESSIMISTIC","versionRetentionPeriod":"3600s","earliestVersionTime":"2025-09-05T23:56:07.160365Z","appEngineIntegrationMode":"DISABLED","keyPrefix":"s","pointInTimeRecoveryEnablement":"POINT_IN_TIME_RECOVERY_DISABLED","deleteProtectionState":"DELETE_PROTECTION_DISABLED","databaseEdition":"STANDARD","freeTier":true,"etag":"IMzPkNv2wo8DMPCa/+3U8I0D"}
[info] i  functions: ensuring required API run.googleapis.com is enabled... 
[info] i  functions: ensuring required API eventarc.googleapis.com is enabled... 
[info] i  functions: ensuring required API pubsub.googleapis.com is enabled... 
[info] i  functions: ensuring required API storage.googleapis.com is enabled... 
[info] i  functions: generating the service identity for pubsub.googleapis.com... 
[debug] [2025-09-06T00:56:08.194Z] Checked if tokens are valid: true, expires at: 1757123137247
[debug] [2025-09-06T00:56:08.194Z] Checked if tokens are valid: true, expires at: 1757123137247
[info] i  functions: generating the service identity for eventarc.googleapis.com... 
[debug] [2025-09-06T00:56:08.195Z] Checked if tokens are valid: true, expires at: 1757123137247
[debug] [2025-09-06T00:56:08.195Z] Checked if tokens are valid: true, expires at: 1757123137247
[debug] [2025-09-06T00:56:08.195Z] >>> [apiv2][query] POST https://serviceusage.googleapis.com/v1beta1/projects/487322724536/services/pubsub.googleapis.com:generateServiceIdentity [none]
[debug] [2025-09-06T00:56:08.195Z] >>> [apiv2][(partial)header] POST https://serviceusage.googleapis.com/v1beta1/projects/487322724536/services/pubsub.googleapis.com:generateServiceIdentity x-goog-quota-user=projects/487322724536
[debug] [2025-09-06T00:56:08.195Z] >>> [apiv2][body] POST https://serviceusage.googleapis.com/v1beta1/projects/487322724536/services/pubsub.googleapis.com:generateServiceIdentity {}
[debug] [2025-09-06T00:56:08.196Z] >>> [apiv2][query] POST https://serviceusage.googleapis.com/v1beta1/projects/487322724536/services/eventarc.googleapis.com:generateServiceIdentity [none]
[debug] [2025-09-06T00:56:08.196Z] >>> [apiv2][(partial)header] POST https://serviceusage.googleapis.com/v1beta1/projects/487322724536/services/eventarc.googleapis.com:generateServiceIdentity x-goog-quota-user=projects/487322724536
[debug] [2025-09-06T00:56:08.196Z] >>> [apiv2][body] POST https://serviceusage.googleapis.com/v1beta1/projects/487322724536/services/eventarc.googleapis.com:generateServiceIdentity {}
[debug] [2025-09-06T00:56:08.671Z] <<< [apiv2][status] POST https://serviceusage.googleapis.com/v1beta1/projects/487322724536/services/pubsub.googleapis.com:generateServiceIdentity 200
[debug] [2025-09-06T00:56:08.671Z] <<< [apiv2][body] POST https://serviceusage.googleapis.com/v1beta1/projects/487322724536/services/pubsub.googleapis.com:generateServiceIdentity {"name":"operations/finished.DONE_OPERATION","done":true,"response":{"@type":"type.googleapis.com/google.api.serviceusage.v1beta1.ServiceIdentity","email":"service-487322724536@gcp-sa-pubsub.iam.gserviceaccount.com","uniqueId":"105953730734413380513"}}
[debug] [2025-09-06T00:56:08.676Z] <<< [apiv2][status] POST https://serviceusage.googleapis.com/v1beta1/projects/487322724536/services/eventarc.googleapis.com:generateServiceIdentity 200
[debug] [2025-09-06T00:56:08.676Z] <<< [apiv2][body] POST https://serviceusage.googleapis.com/v1beta1/projects/487322724536/services/eventarc.googleapis.com:generateServiceIdentity {"name":"operations/finished.DONE_OPERATION","done":true,"response":{"@type":"type.googleapis.com/google.api.serviceusage.v1beta1.ServiceIdentity","email":"service-487322724536@gcp-sa-eventarc.iam.gserviceaccount.com","uniqueId":"102749627052649865159"}}
[debug] [2025-09-06T00:56:08.678Z] Checked if tokens are valid: true, expires at: 1757123137247
[debug] [2025-09-06T00:56:08.678Z] Checked if tokens are valid: true, expires at: 1757123137247
[debug] [2025-09-06T00:56:08.678Z] >>> [apiv2][query] GET https://compute.googleapis.com/compute/v1/projects/487322724536 [none]
[debug] [2025-09-06T00:56:08.892Z] <<< [apiv2][status] GET https://compute.googleapis.com/compute/v1/projects/487322724536 403
[debug] [2025-09-06T00:56:08.893Z] <<< [apiv2][body] GET https://compute.googleapis.com/compute/v1/projects/487322724536 {"error":{"code":403,"message":"Compute Engine API has not been used in project 487322724536 before or it is disabled. Enable it by visiting https://console.developers.google.com/apis/api/compute.googleapis.com/overview?project=487322724536 then retry. If you enabled this API recently, wait a few minutes for the action to propagate to our systems and retry.","errors":[{"message":"Compute Engine API has not been used in project 487322724536 before or it is disabled. Enable it by visiting https://console.developers.google.com/apis/api/compute.googleapis.com/overview?project=487322724536 then retry. If you enabled this API recently, wait a few minutes for the action to propagate to our systems and retry.","domain":"usageLimits","reason":"accessNotConfigured","extendedHelp":"https://console.developers.google.com"}],"status":"PERMISSION_DENIED","details":[{"@type":"type.googleapis.com/google.rpc.ErrorInfo","reason":"SERVICE_DISABLED","domain":"googleapis.com","metadata":{"service":"compute.googleapis.com","activationUrl":"https://console.developers.google.com/apis/api/compute.googleapis.com/overview?project=487322724536","consumer":"projects/487322724536","containerInfo":"487322724536","serviceTitle":"Compute Engine API"}},{"@type":"type.googleapis.com/google.rpc.LocalizedMessage","locale":"en-US","message":"Compute Engine API has not been used in project 487322724536 before or it is disabled. Enable it by visiting https://console.developers.google.com/apis/api/compute.googleapis.com/overview?project=487322724536 then retry. If you enabled this API recently, wait a few minutes for the action to propagate to our systems and retry."},{"@type":"type.googleapis.com/google.rpc.Help","links":[{"description":"Google developers console API activation","url":"https://console.developers.google.com/apis/api/compute.googleapis.com/overview?project=487322724536"}]}]}}
[debug] [2025-09-06T00:56:08.893Z] unable to look up default compute service account. Falling back to 487322724536-compute@developer.gserviceaccount.com. Error: {"name":"FirebaseError","children":[],"context":{"body":{"error":{"code":403,"message":"Compute Engine API has not been used in project 487322724536 before or it is disabled. Enable it by visiting https://console.developers.google.com/apis/api/compute.googleapis.com/overview?project=487322724536 then retry. If you enabled this API recently, wait a few minutes for the action to propagate to our systems and retry.","errors":[{"message":"Compute Engine API has not been used in project 487322724536 before or it is disabled. Enable it by visiting https://console.developers.google.com/apis/api/compute.googleapis.com/overview?project=487322724536 then retry. If you enabled this API recently, wait a few minutes for the action to propagate to our systems and retry.","domain":"usageLimits","reason":"accessNotConfigured","extendedHelp":"https://console.developers.google.com"}],"status":"PERMISSION_DENIED","details":[{"@type":"type.googleapis.com/google.rpc.ErrorInfo","reason":"SERVICE_DISABLED","domain":"googleapis.com","metadata":{"service":"compute.googleapis.com","activationUrl":"https://console.developers.google.com/apis/api/compute.googleapis.com/overview?project=487322724536","consumer":"projects/487322724536","containerInfo":"487322724536","serviceTitle":"Compute Engine API"}},{"@type":"type.googleapis.com/google.rpc.LocalizedMessage","locale":"en-US","message":"Compute Engine API has not been used in project 487322724536 before or it is disabled. Enable it by visiting https://console.developers.google.com/apis/api/compute.googleapis.com/overview?project=487322724536 then retry. If you enabled this API recently, wait a few minutes for the action to propagate to our systems and retry."},{"@type":"type.googleapis.com/google.rpc.Help","links":[{"description":"Google developers console API activation","url":"https://console.developers.google.com/apis/api/compute.googleapis.com/overview?project=487322724536"}]}]}},"response":{"statusCode":403}},"exit":1,"message":"Request to https://compute.googleapis.com/compute/v1/projects/487322724536 had HTTP Error: 403, Compute Engine API has not been used in project 487322724536 before or it is disabled. Enable it by visiting https://console.developers.google.com/apis/api/compute.googleapis.com/overview?project=487322724536 then retry. If you enabled this API recently, wait a few minutes for the action to propagate to our systems and retry.","status":403}
[debug] [2025-09-06T00:56:08.893Z] Checked if tokens are valid: true, expires at: 1757123137247
[debug] [2025-09-06T00:56:08.893Z] Checked if tokens are valid: true, expires at: 1757123137247
[debug] [2025-09-06T00:56:08.893Z] >>> [apiv2][query] POST https://cloudresourcemanager.googleapis.com/v1/projects/487322724536:getIamPolicy [none]
[debug] [2025-09-06T00:56:09.082Z] <<< [apiv2][status] POST https://cloudresourcemanager.googleapis.com/v1/projects/487322724536:getIamPolicy 200
[debug] [2025-09-06T00:56:09.083Z] <<< [apiv2][body] POST https://cloudresourcemanager.googleapis.com/v1/projects/487322724536:getIamPolicy {"version":1,"etag":"BwY+F2oLRwk=","bindings":[{"role":"roles/artifactregistry.reader","members":["serviceAccount:487322724536@cloudbuild.gserviceaccount.com","serviceAccount:firebase-adminsdk-fbsvc@my-rhyme-app.iam.gserviceaccount.com"]},{"role":"roles/artifactregistry.serviceAgent","members":["serviceAccount:service-487322724536@gcp-sa-artifactregistry.iam.gserviceaccount.com"]},{"role":"roles/artifactregistry.writer","members":["serviceAccount:487322724536@cloudbuild.gserviceaccount.com"]},{"role":"roles/cloudaicompanion.serviceAgent","members":["serviceAccount:service-487322724536@gcp-sa-cloudaicompanion.iam.gserviceaccount.com"]},{"role":"roles/cloudbuild.builds.builder","members":["serviceAccount:487322724536@cloudbuild.gserviceaccount.com"]},{"role":"roles/cloudbuild.serviceAgent","members":["serviceAccount:service-487322724536@gcp-sa-cloudbuild.iam.gserviceaccount.com"]},{"role":"roles/cloudfunctions.serviceAgent","members":["serviceAccount:service-487322724536@gcf-admin-robot.iam.gserviceaccount.com"]},{"role":"roles/containeranalysis.ServiceAgent","members":["serviceAccount:service-487322724536@container-analysis.iam.gserviceaccount.com"]},{"role":"roles/containerregistry.ServiceAgent","members":["serviceAccount:service-487322724536@containerregistry.iam.gserviceaccount.com"]},{"role":"roles/containerscanning.ServiceAgent","members":["serviceAccount:service-487322724536@gcp-sa-containerscanning.iam.gserviceaccount.com"]},{"role":"roles/datastore.user","members":["serviceAccount:my-rhyme-app-service@my-rhyme-app.iam.gserviceaccount.com"]},{"role":"roles/editor","members":["serviceAccount:487322724536-compute@developer.gserviceaccount.com","serviceAccount:487322724536@cloudbuild.gserviceaccount.com","serviceAccount:487322724536@cloudservices.gserviceaccount.com","serviceAccount:my-rhyme-app@appspot.gserviceaccount.com"]},{"role":"roles/eventarc.eventReceiver","members":["serviceAccount:487322724536-compute@developer.gserviceaccount.com"]},{"role":"roles/firebase.admin","members":["serviceAccount:my-rhyme-app-service@my-rhyme-app.iam.gserviceaccount.com"]},{"role":"roles/firebase.managementServiceAgent","members":["serviceAccount:service-487322724536@gcp-sa-firebase.iam.gserviceaccount.com"]},{"role":"roles/firebase.sdkAdminServiceAgent","members":["serviceAccount:firebase-adminsdk-fbsvc@my-rhyme-app.iam.gserviceaccount.com"]},{"role":"roles/firebaseauth.admin","members":["serviceAccount:firebase-adminsdk-fbsvc@my-rhyme-app.iam.gserviceaccount.com"]},{"role":"roles/firebasemods.serviceAgent","members":["serviceAccount:service-487322724536@gcp-sa-firebasemods.iam.gserviceaccount.com"]},{"role":"roles/firebaserules.system","members":["serviceAccount:service-487322724536@firebase-rules.iam.gserviceaccount.com"]},{"role":"roles/firestore.serviceAgent","members":["serviceAccount:service-487322724536@gcp-sa-firestore.iam.gserviceaccount.com"]},{"role":"roles/iam.serviceAccountTokenCreator","members":["serviceAccount:firebase-adminsdk-fbsvc@my-rhyme-app.iam.gserviceaccount.com","serviceAccount:service-487322724536@gcp-sa-pubsub.iam.gserviceaccount.com"]},{"role":"roles/logging.logWriter","members":["serviceAccount:487322724536@cloudbuild.gserviceaccount.com"]},{"role":"roles/owner","members":["user:tucker.apply@gmail.com"]},{"role":"roles/run.admin","members":["serviceAccount:487322724536@cloudbuild.gserviceaccount.com"]},{"role":"roles/run.invoker","members":["serviceAccount:487322724536-compute@developer.gserviceaccount.com"]},{"role":"roles/run.serviceAgent","members":["serviceAccount:service-487322724536@serverless-robot-prod.iam.gserviceaccount.com"]},{"role":"roles/secretmanager.admin_withcond_2bd30745d6be1ea55e2e","members":["serviceAccount:service-487322724536@gcp-sa-cloudbuild.iam.gserviceaccount.com"]},{"role":"roles/secretmanager.secretAccessor","members":["serviceAccount:my-rhyme-app-service@my-rhyme-app.iam.gserviceaccount.com"]},{"role":"roles/storage.objectViewer","members":["serviceAccount:487322724536@cloudbuild.gserviceaccount.com"]}]}
[debug] [2025-09-06T00:56:09.084Z] Checked if tokens are valid: true, expires at: 1757123137247
[debug] [2025-09-06T00:56:09.084Z] Checked if tokens are valid: true, expires at: 1757123137247
[debug] [2025-09-06T00:56:09.084Z] >>> [apiv2][query] GET https://cloudresourcemanager.googleapis.com/v1/projects/my-rhyme-app [none]
[debug] [2025-09-06T00:56:09.210Z] <<< [apiv2][status] GET https://cloudresourcemanager.googleapis.com/v1/projects/my-rhyme-app 200
[debug] [2025-09-06T00:56:09.211Z] <<< [apiv2][body] GET https://cloudresourcemanager.googleapis.com/v1/projects/my-rhyme-app {"projectNumber":"487322724536","projectId":"my-rhyme-app","lifecycleState":"ACTIVE","name":"noctua-forest","labels":{"firebase":"enabled","firebase-core":"disabled"},"createTime":"2025-06-03T18:14:58.488879Z"}
[debug] [2025-09-06T00:56:09.211Z] Checked if tokens are valid: true, expires at: 1757123137247
[debug] [2025-09-06T00:56:09.211Z] Checked if tokens are valid: true, expires at: 1757123137247
[debug] [2025-09-06T00:56:09.211Z] >>> [apiv2][query] GET https://compute.googleapis.com/compute/v1/projects/487322724536 [none]
[debug] [2025-09-06T00:56:09.288Z] <<< [apiv2][status] GET https://compute.googleapis.com/compute/v1/projects/487322724536 403
[debug] [2025-09-06T00:56:09.288Z] <<< [apiv2][body] GET https://compute.googleapis.com/compute/v1/projects/487322724536 {"error":{"code":403,"message":"Compute Engine API has not been used in project 487322724536 before or it is disabled. Enable it by visiting https://console.developers.google.com/apis/api/compute.googleapis.com/overview?project=487322724536 then retry. If you enabled this API recently, wait a few minutes for the action to propagate to our systems and retry.","errors":[{"message":"Compute Engine API has not been used in project 487322724536 before or it is disabled. Enable it by visiting https://console.developers.google.com/apis/api/compute.googleapis.com/overview?project=487322724536 then retry. If you enabled this API recently, wait a few minutes for the action to propagate to our systems and retry.","domain":"usageLimits","reason":"accessNotConfigured","extendedHelp":"https://console.developers.google.com"}],"status":"PERMISSION_DENIED","details":[{"@type":"type.googleapis.com/google.rpc.ErrorInfo","reason":"SERVICE_DISABLED","domain":"googleapis.com","metadata":{"activationUrl":"https://console.developers.google.com/apis/api/compute.googleapis.com/overview?project=487322724536","service":"compute.googleapis.com","containerInfo":"487322724536","serviceTitle":"Compute Engine API","consumer":"projects/487322724536"}},{"@type":"type.googleapis.com/google.rpc.LocalizedMessage","locale":"en-US","message":"Compute Engine API has not been used in project 487322724536 before or it is disabled. Enable it by visiting https://console.developers.google.com/apis/api/compute.googleapis.com/overview?project=487322724536 then retry. If you enabled this API recently, wait a few minutes for the action to propagate to our systems and retry."},{"@type":"type.googleapis.com/google.rpc.Help","links":[{"description":"Google developers console API activation","url":"https://console.developers.google.com/apis/api/compute.googleapis.com/overview?project=487322724536"}]}]}}
[debug] [2025-09-06T00:56:09.288Z] unable to look up default compute service account. Falling back to 487322724536-compute@developer.gserviceaccount.com. Error: {"name":"FirebaseError","children":[],"context":{"body":{"error":{"code":403,"message":"Compute Engine API has not been used in project 487322724536 before or it is disabled. Enable it by visiting https://console.developers.google.com/apis/api/compute.googleapis.com/overview?project=487322724536 then retry. If you enabled this API recently, wait a few minutes for the action to propagate to our systems and retry.","errors":[{"message":"Compute Engine API has not been used in project 487322724536 before or it is disabled. Enable it by visiting https://console.developers.google.com/apis/api/compute.googleapis.com/overview?project=487322724536 then retry. If you enabled this API recently, wait a few minutes for the action to propagate to our systems and retry.","domain":"usageLimits","reason":"accessNotConfigured","extendedHelp":"https://console.developers.google.com"}],"status":"PERMISSION_DENIED","details":[{"@type":"type.googleapis.com/google.rpc.ErrorInfo","reason":"SERVICE_DISABLED","domain":"googleapis.com","metadata":{"activationUrl":"https://console.developers.google.com/apis/api/compute.googleapis.com/overview?project=487322724536","service":"compute.googleapis.com","containerInfo":"487322724536","serviceTitle":"Compute Engine API","consumer":"projects/487322724536"}},{"@type":"type.googleapis.com/google.rpc.LocalizedMessage","locale":"en-US","message":"Compute Engine API has not been used in project 487322724536 before or it is disabled. Enable it by visiting https://console.developers.google.com/apis/api/compute.googleapis.com/overview?project=487322724536 then retry. If you enabled this API recently, wait a few minutes for the action to propagate to our systems and retry."},{"@type":"type.googleapis.com/google.rpc.Help","links":[{"description":"Google developers console API activation","url":"https://console.developers.google.com/apis/api/compute.googleapis.com/overview?project=487322724536"}]}]}},"response":{"statusCode":403}},"exit":1,"message":"Request to https://compute.googleapis.com/compute/v1/projects/487322724536 had HTTP Error: 403, Compute Engine API has not been used in project 487322724536 before or it is disabled. Enable it by visiting https://console.developers.google.com/apis/api/compute.googleapis.com/overview?project=487322724536 then retry. If you enabled this API recently, wait a few minutes for the action to propagate to our systems and retry.","status":403}
[debug] [2025-09-06T00:56:09.290Z] Checked if tokens are valid: true, expires at: 1757123137247
[debug] [2025-09-06T00:56:09.290Z] Checked if tokens are valid: true, expires at: 1757123137247
[debug] [2025-09-06T00:56:09.290Z] >>> [apiv2][query] GET https://cloudbilling.googleapis.com/v1/projects/my-rhyme-app/billingInfo [none]
[debug] [2025-09-06T00:56:09.547Z] <<< [apiv2][status] GET https://cloudbilling.googleapis.com/v1/projects/my-rhyme-app/billingInfo 200
[debug] [2025-09-06T00:56:09.547Z] <<< [apiv2][body] GET https://cloudbilling.googleapis.com/v1/projects/my-rhyme-app/billingInfo {"name":"projects/my-rhyme-app/billingInfo","projectId":"my-rhyme-app","billingAccountName":"billingAccounts/0185C9-AF579F-A40A6E","billingEnabled":true}
[debug] [2025-09-06T00:56:09.548Z] Checked if tokens are valid: true, expires at: 1757123137247
[debug] [2025-09-06T00:56:09.548Z] Checked if tokens are valid: true, expires at: 1757123137247
[debug] [2025-09-06T00:56:09.549Z] >>> [apiv2][query] POST https://cloudfunctions.googleapis.com/v2/projects/my-rhyme-app/locations/us-central1/functions:generateUploadUrl [none]
[debug] [2025-09-06T00:56:10.992Z] <<< [apiv2][status] POST https://cloudfunctions.googleapis.com/v2/projects/my-rhyme-app/locations/us-central1/functions:generateUploadUrl 200
[debug] [2025-09-06T00:56:10.992Z] <<< [apiv2][body] POST https://cloudfunctions.googleapis.com/v2/projects/my-rhyme-app/locations/us-central1/functions:generateUploadUrl {"uploadUrl":"https://storage.googleapis.com/gcf-v2-uploads-487322724536.us-central1.cloudfunctions.appspot.com/8ba68d97-a1de-4118-896c-d38d968ebe8e.zip?GoogleAccessId=service-487322724536@gcf-admin-robot.iam.gserviceaccount.com&Expires=1757121969&Signature=JKgUE7HwY0c7vOQcyG3bfARVhm4n%2BliJ97094bBAfLzzTsoTN15%2FV9rvJG4hBnhGv5u%2BBysez7oaDKW17yXkkV68ZZBio4JMcd6q1OkxnSNqBuvivCijGkcEgCvducdMxwOvAyq5TU7kd2S%2BKWrxiuPjLBM%2FXNK%2Bz60mIqHBbhnT47s7oDBxLELeglJe9WC%2FCQm88ZO%2F9aqlKNTemrqQGmHeEtfpevAmU8kFdojgoLAscyB3xut35n%2Fi3xtwEEy%2BbQX38rG43d2QhpXXVIFgbm4PpzIOX59XDCnkHNb7ftqonl1%2BIMH1qAsLZ6pwv3I1ZGienzQdn7KEOHUHZ5YjwQ%3D%3D","storageSource":{"bucket":"gcf-v2-uploads-487322724536.us-central1.cloudfunctions.appspot.com","object":"8ba68d97-a1de-4118-896c-d38d968ebe8e.zip"}}
[debug] [2025-09-06T00:56:10.993Z] >>> [apiv2][query] PUT https://storage.googleapis.com/gcf-v2-uploads-487322724536.us-central1.cloudfunctions.appspot.com/8ba68d97-a1de-4118-896c-d38d968ebe8e.zip GoogleAccessId=service-487322724536%40gcf-admin-robot.iam.gserviceaccount.com&Expires=1757121969&Signature=JKgUE7HwY0c7vOQcyG3bfARVhm4n%2BliJ97094bBAfLzzTsoTN15%2FV9rvJG4hBnhGv5u%2BBysez7oaDKW17yXkkV68ZZBio4JMcd6q1OkxnSNqBuvivCijGkcEgCvducdMxwOvAyq5TU7kd2S%2BKWrxiuPjLBM%2FXNK%2Bz60mIqHBbhnT47s7oDBxLELeglJe9WC%2FCQm88ZO%2F9aqlKNTemrqQGmHeEtfpevAmU8kFdojgoLAscyB3xut35n%2Fi3xtwEEy%2BbQX38rG43d2QhpXXVIFgbm4PpzIOX59XDCnkHNb7ftqonl1%2BIMH1qAsLZ6pwv3I1ZGienzQdn7KEOHUHZ5YjwQ%3D%3D
[debug] [2025-09-06T00:56:10.994Z] >>> [apiv2][body] PUT https://storage.googleapis.com/gcf-v2-uploads-487322724536.us-central1.cloudfunctions.appspot.com/8ba68d97-a1de-4118-896c-d38d968ebe8e.zip [stream]
[debug] [2025-09-06T00:56:11.312Z] <<< [apiv2][status] PUT https://storage.googleapis.com/gcf-v2-uploads-487322724536.us-central1.cloudfunctions.appspot.com/8ba68d97-a1de-4118-896c-d38d968ebe8e.zip 200
[debug] [2025-09-06T00:56:11.312Z] <<< [apiv2][body] PUT https://storage.googleapis.com/gcf-v2-uploads-487322724536.us-central1.cloudfunctions.appspot.com/8ba68d97-a1de-4118-896c-d38d968ebe8e.zip [omitted]
[info] +  functions: functions folder uploaded successfully 
[info] i  functions: creating Node.js 18 (2nd Gen) function onReviewWrite(us-central1)... 
[debug] [2025-09-06T00:56:11.317Z] Checked if tokens are valid: true, expires at: 1757123137247
[debug] [2025-09-06T00:56:11.317Z] Checked if tokens are valid: true, expires at: 1757123137247
[debug] [2025-09-06T00:56:11.317Z] >>> [apiv2][query] POST https://cloudfunctions.googleapis.com/v2/projects/my-rhyme-app/locations/us-central1/functions functionId=onReviewWrite
[debug] [2025-09-06T00:56:11.317Z] >>> [apiv2][body] POST https://cloudfunctions.googleapis.com/v2/projects/my-rhyme-app/locations/us-central1/functions {"name":"projects/my-rhyme-app/locations/us-central1/functions/onReviewWrite","buildConfig":{"runtime":"nodejs18","entryPoint":"onReviewWrite","source":{"storageSource":{"bucket":"gcf-v2-uploads-487322724536.us-central1.cloudfunctions.appspot.com","object":"8ba68d97-a1de-4118-896c-d38d968ebe8e.zip"}},"environmentVariables":{"GOOGLE_NODE_RUN_SCRIPTS":""}},"serviceConfig":{"environmentVariables":{"FIREBASE_CONFIG":"{\"projectId\":\"my-rhyme-app\",\"storageBucket\":\"my-rhyme-app.firebasestorage.app\"}","GCLOUD_PROJECT":"my-rhyme-app","EVENTARC_CLOUD_EVENT_SOURCE":"projects/my-rhyme-app/locations/us-central1/services/onReviewWrite","FUNCTION_SIGNATURE_TYPE":"cloudevent","FUNCTION_TARGET":"onReviewWrite","LOG_EXECUTION_ID":"true"},"ingressSettings":null,"timeoutSeconds":null,"serviceAccountEmail":null,"availableMemory":"256Mi","minInstanceCount":null,"maxInstanceCount":null,"maxInstanceRequestConcurrency":10,"availableCpu":"1","vpcConnector":null,"vpcConnectorEgressSettings":null},"labels":{"deployment-tool":"cli-firebase","firebase-functions-hash":"99c7e56b2bfd64befdc7296abc61281f95160a25"},"eventTrigger":{"eventType":"google.cloud.firestore.document.v1.written","retryPolicy":"RETRY_POLICY_DO_NOT_RETRY","eventFilters":[{"attribute":"database","value":"(default)"},{"attribute":"namespace","value":"(default)"},{"attribute":"document","value":"reviews/{reviewId}","operator":"match-path-pattern"}],"triggerRegion":"nam5"}}
[debug] [2025-09-06T00:56:27.538Z] <<< [apiv2][status] POST https://cloudfunctions.googleapis.com/v2/projects/my-rhyme-app/locations/us-central1/functions 400
[debug] [2025-09-06T00:56:27.538Z] <<< [apiv2][body] POST https://cloudfunctions.googleapis.com/v2/projects/my-rhyme-app/locations/us-central1/functions {"error":{"code":400,"message":"Validation failed for trigger projects/my-rhyme-app/locations/nam5/triggers/onreviewwrite-716303: Invalid resource state for \"\": Permission denied while using the Eventarc Service Agent. If you recently started to use Eventarc, it may take a few minutes before all necessary permissions are propagated to the Service Agent. Otherwise, verify that it has Eventarc Service Agent role.","status":"FAILED_PRECONDITION"}}
[warn] !  functions: Request to https://cloudfunctions.googleapis.com/v2/projects/my-rhyme-app/locations/us-central1/functions?functionId=onReviewWrite had HTTP Error: 400, Validation failed for trigger projects/my-rhyme-app/locations/nam5/triggers/onreviewwrite-716303: Invalid resource state for "": Permission denied while using the Eventarc Service Agent. If you recently started to use Eventarc, it may take a few minutes before all necessary permissions are propagated to the Service Agent. Otherwise, verify that it has Eventarc Service Agent role. 
[warn] !  functions: Since this is your first time using 2nd gen functions, we need a little bit longer to finish setting everything up. Retry the deployment in a few minutes. 
[warn] !  functions:  failed to create function projects/my-rhyme-app/locations/us-central1/functions/onReviewWrite 
[error] Failed to create function projects/my-rhyme-app/locations/us-central1/functions/onReviewWrite
[debug] [2025-09-06T00:56:27.545Z] Total Function Deployment time: 16226
[debug] [2025-09-06T00:56:27.545Z] 1 Functions Deployed
[debug] [2025-09-06T00:56:27.545Z] 1 Functions Errored
[debug] [2025-09-06T00:56:27.545Z] 0 Function Deployments Aborted
[debug] [2025-09-06T00:56:27.545Z] Average Function Deployment time: 16225
[info] 
[info] Functions deploy had errors with the following functions:
	onReviewWrite(us-central1)
[debug] [2025-09-06T00:56:27.697Z] Checked if tokens are valid: true, expires at: 1757123137247
[debug] [2025-09-06T00:56:27.698Z] Checked if tokens are valid: true, expires at: 1757123137247
[debug] [2025-09-06T00:56:27.698Z] >>> [apiv2][query] GET https://artifactregistry.googleapis.com/v1/projects/my-rhyme-app/locations/us-central1/repositories/gcf-artifacts [none]
[debug] [2025-09-06T00:56:28.073Z] <<< [apiv2][status] GET https://artifactregistry.googleapis.com/v1/projects/my-rhyme-app/locations/us-central1/repositories/gcf-artifacts 404
[debug] [2025-09-06T00:56:28.073Z] <<< [apiv2][body] GET https://artifactregistry.googleapis.com/v1/projects/my-rhyme-app/locations/us-central1/repositories/gcf-artifacts {"error":{"code":404,"message":"Requested entity was not found.","status":"NOT_FOUND"}}
[debug] [2025-09-06T00:56:28.073Z] Failed to check artifact cleanup policy for region us-central1: Request to https://artifactregistry.googleapis.com/v1/projects/my-rhyme-app/locations/us-central1/repositories/gcf-artifacts had HTTP Error: 404, Requested entity was not found. {"name":"FirebaseError","children":[],"context":{"body":{"error":{"code":404,"message":"Requested entity was not found.","status":"NOT_FOUND"}},"response":{"statusCode":404}},"exit":1,"message":"Request to https://artifactregistry.googleapis.com/v1/projects/my-rhyme-app/locations/us-central1/repositories/gcf-artifacts had HTTP Error: 404, Requested entity was not found.","status":404}
[debug] [2025-09-06T00:56:28.074Z] Functions deploy failed.
[debug] [2025-09-06T00:56:28.074Z] {
  "endpoint": {
    "id": "onReviewWrite",
    "project": "my-rhyme-app",
    "region": "us-central1",
    "entryPoint": "onReviewWrite",
    "platform": "gcfv2",
    "runtime": "nodejs18",
    "eventTrigger": {
      "eventType": "google.cloud.firestore.document.v1.written",
      "retry": false,
      "eventFilters": {
        "database": "(default)",
        "namespace": "(default)"
      },
      "eventFilterPathPatterns": {
        "document": "reviews/{reviewId}"
      },
      "region": "nam5"
    },
    "labels": {
      "deployment-tool": "cli-firebase"
    },
    "serviceAccount": null,
    "ingressSettings": null,
    "availableMemoryMb": null,
    "timeoutSeconds": null,
    "maxInstances": null,
    "minInstances": null,
    "concurrency": 10,
    "vpc": null,
    "environmentVariables": {
      "FIREBASE_CONFIG": "{\"projectId\":\"my-rhyme-app\",\"storageBucket\":\"my-rhyme-app.firebasestorage.app\"}",
      "GCLOUD_PROJECT": "my-rhyme-app",
      "EVENTARC_CLOUD_EVENT_SOURCE": "projects/my-rhyme-app/locations/us-central1/services/onReviewWrite"
    },
    "codebase": "default",
    "cpu": 1,
    "targetedByOnly": false,
    "hash": "99c7e56b2bfd64befdc7296abc61281f95160a25"
  },
  "op": "create",
  "original": {
    "name": "FirebaseError",
    "children": [],
    "context": {
      "function": "projects/my-rhyme-app/locations/us-central1/functions/onReviewWrite"
    },
    "exit": 1,
    "message": "Failed to create function projects/my-rhyme-app/locations/us-central1/functions/onReviewWrite",
    "original": {
      "name": "FirebaseError",
      "children": [],
      "context": {
        "body": {
          "error": {
            "code": 400,
            "message": "Validation failed for trigger projects/my-rhyme-app/locations/nam5/triggers/onreviewwrite-716303: Invalid resource state for \"\": Permission denied while using the Eventarc Service Agent. If you recently started to use Eventarc, it may take a few minutes before all necessary permissions are propagated to the Service Agent. Otherwise, verify that it has Eventarc Service Agent role.",
            "status": "FAILED_PRECONDITION"
          }
        },
        "response": {
          "statusCode": 400
        }
      },
      "exit": 1,
      "message": "Request to https://cloudfunctions.googleapis.com/v2/projects/my-rhyme-app/locations/us-central1/functions?functionId=onReviewWrite had HTTP Error: 400, Validation failed for trigger projects/my-rhyme-app/locations/nam5/triggers/onreviewwrite-716303: Invalid resource state for \"\": Permission denied while using the Eventarc Service Agent. If you recently started to use Eventarc, it may take a few minutes before all necessary permissions are propagated to the Service Agent. Otherwise, verify that it has Eventarc Service Agent role.",
      "status": 400
    },
    "status": 400,
    "code": 400
  }
}
[debug] [2025-09-06T00:56:28.128Z] Error: Failed to create function onReviewWrite in region us-central1
    at C:\Users\User\AppData\Local\nvm\v20.19.2\node_modules\firebase-tools\lib\deploy\functions\release\fabricator.js:294:27
    at process.processTicksAndRejections (node:internal/process/task_queues:95:5)
    at async Fabricator.createV2Function (C:\Users\User\AppData\Local\nvm\v20.19.2\node_modules\firebase-tools\lib\deploy\functions\release\fabricator.js:278:30)
    at async Fabricator.createEndpoint (C:\Users\User\AppData\Local\nvm\v20.19.2\node_modules\firebase-tools\lib\deploy\functions\release\fabricator.js:137:13)
    at async handle (C:\Users\User\AppData\Local\nvm\v20.19.2\node_modules\firebase-tools\lib\deploy\functions\release\fabricator.js:89:17)
[error] 
[error] Error: There was an error deploying functions
